-------------------------------------------------------------------------------
Test set: com.ticketflow.ticket_service.booking.infrastructure.adapter.out.persistence.TicketPersistenceAdapterTest$FindByIdAndDeletedFalse
-------------------------------------------------------------------------------
Tests run: 2, Failures: 0, Errors: 0, Skipped: 0, Time elapsed: 0.014 s -- in com.ticketflow.ticket_service.booking.infrastructure.adapter.out.persistence.TicketPersistenceAdapterTest$FindByIdAndDeletedFalse
