-------------------------------------------------------------------------------
Test set: com.ticketflow.ticket_service.shared.infrastructure.exception.GlobalExceptionHandlerTest$HandleTicketAlreadyCancelledException
-------------------------------------------------------------------------------
Tests run: 1, Failures: 0, Errors: 0, Skipped: 0, Time elapsed: 0.013 s -- in com.ticketflow.ticket_service.shared.infrastructure.exception.GlobalExceptionHandlerTest$HandleTicketAlreadyCancelledException
