-------------------------------------------------------------------------------
Test set: com.ticketflow.ticket_service.booking.infrastructure.adapter.out.persistence.TicketPersistenceAdapterTest$ExistsByIdAndDeletedFalse
-------------------------------------------------------------------------------
Tests run: 2, Failures: 0, Errors: 0, Skipped: 0, Time elapsed: 0.011 s -- in com.ticketflow.ticket_service.booking.infrastructure.adapter.out.persistence.TicketPersistenceAdapterTest$ExistsByIdAndDeletedFalse
