<?xml version="1.0" encoding="UTF-8"?>
<testsuite xmlns:xsi="http://www.w3.org/2001/XMLSchema-instance" xsi:noNamespaceSchemaLocation="https://maven.apache.org/surefire/maven-surefire-plugin/xsd/surefire-test-report.xsd" version="3.0.2" name="com.ticketflow.ticket_service.booking.infrastructure.adapter.in.web.TicketControllerTest$Update" time="0.228" tests="3" errors="0" skipped="0" failures="0">
  <properties>
[...]
</properties>
  <testcase name="update_validationError_returns400" classname="com.ticketflow.ticket_service.booking.infrastructure.adapter.in.web.TicketControllerTest$Update" time="0.176">
    <system-out><![CDATA[2026-03-11T22:23:28.965-03:00  INFO 2528 --- [ticket-service] [           main] t.c.s.AnnotationConfigContextLoaderUtils : Could not detect default configuration classes for test class [com.ticketflow.ticket_service.booking.infrastructure.adapter.in.web.TicketControllerTest$Update]: Update does not declare any static, non-private, non-final, nested classes annotated with @Configuration.
2026-03-11T22:23:28.977-03:00  INFO 2528 --- [ticket-service] [           main] .b.t.c.SpringBootTestContextBootstrapper : Found @SpringBootConfiguration com.ticketflow.ticket_service.TicketServiceApplication for test class com.ticketflow.ticket_service.booking.infrastructure.adapter.in.web.TicketControllerTest$Update
2026-03-11T22:23:29.148-03:00  WARN 2528 --- [ticket-service] [           main] c.t.t.s.i.e.GlobalExceptionHandler       : Validation failed on request to '/api/v1/tickets/TKT-001' with 1 field error(s)
]]></system-out>
  </testcase>
  <testcase name="update_notFound_returns404" classname="com.ticketflow.ticket_service.booking.infrastructure.adapter.in.web.TicketControllerTest$Update" time="0.015">
    <system-out><![CDATA[2026-03-11T22:23:29.169-03:00  INFO 2528 --- [ticket-service] [           main] c.t.t.b.i.a.in.web.TicketController      : PUT /api/v1/tickets/TKT-999 - Request received to update ticket
2026-03-11T22:23:29.170-03:00  WARN 2528 --- [ticket-service] [           main] c.t.t.s.i.e.GlobalExceptionHandler       : Ticket not found on request to '/api/v1/tickets/TKT-999': Ticket with id 'TKT-999' not found
]]></system-out>
  </testcase>
  <testcase name="update_success_returns200" classname="com.ticketflow.ticket_service.booking.infrastructure.adapter.in.web.TicketControllerTest$Update" time="0.011">
    <system-out><![CDATA[2026-03-11T22:23:29.183-03:00  INFO 2528 --- [ticket-service] [           main] c.t.t.b.i.a.in.web.TicketController      : PUT /api/v1/tickets/TKT-001 - Request received to update ticket
2026-03-11T22:23:29.183-03:00  INFO 2528 --- [ticket-service] [           main] c.t.t.b.i.a.in.web.TicketController      : PUT /api/v1/tickets/TKT-001 - Ticket updated successfully
]]></system-out>
  </testcase>
</testsuite>